Using pre-set license
Built from '2020.2/staging' branch; Version is '2020.2.7f1 (c53830e277f1) revision 12924976'; Using compiler version '192528614'; Build Type 'Release'
OS: 'Windows 10 Pro; OS build 19041.1110; Version 2004; 64bit' Language: 'ru' Physical Memory: 6091 MB
BatchMode: 1, IsHumanControllingUs: 0, StartBugReporterOnCrash: 0, Is64bit: 1, IsPro: 0

 COMMAND LINE ARGUMENTS:
C:\Program Files\Unity\Hub\Editor\2020.2.7f1\Editor\Unity.exe
-adb2
-batchMode
-noUpm
-name
AssetImportWorker0
-projectPath
D:/UnityProjects/Lesson1.OOP/RollaBall
-logFile
Logs/AssetImportWorker0.log
-srvPort
49798
Successfully changed project path to: D:/UnityProjects/Lesson1.OOP/RollaBall
D:/UnityProjects/Lesson1.OOP/RollaBall
Using Asset Import Pipeline V2.
Refreshing native plugins compatible for Editor in 97.80 ms, found 0 plugins.
Preloading 0 native plugins for Editor in 0.00 ms.
Initialize engine version: 2020.2.7f1 (c53830e277f1)
[Subsystems] Discovering subsystems at path C:/Program Files/Unity/Hub/Editor/2020.2.7f1/Editor/Data/Resources/UnitySubsystems
[Subsystems] Discovering subsystems at path D:/UnityProjects/Lesson1.OOP/RollaBall/Assets
GfxDevice: creating device client; threaded=0
Direct3D:
    Version:  Direct3D 11.0 [level 11.1]
    Renderer: AMD Radeon(TM) Vega 8 Graphics (ID=0x15d8)
    Vendor:   
    VRAM:     3045 MB
    Driver:   27.20.22001.14011
Initialize mono
Mono path[0] = 'C:/Program Files/Unity/Hub/Editor/2020.2.7f1/Editor/Data/Managed'
Mono path[1] = 'C:/Program Files/Unity/Hub/Editor/2020.2.7f1/Editor/Data/MonoBleedingEdge/lib/mono/unityjit'
Mono config path = 'C:/Program Files/Unity/Hub/Editor/2020.2.7f1/Editor/Data/MonoBleedingEdge/etc'
Using monoOptions --debugger-agent=transport=dt_socket,embedding=1,server=y,suspend=n,address=127.0.0.1:56676
Begin MonoManager ReloadAssembly
Registering precompiled unity dll's ...
Register platform support module: C:/Program Files/Unity/Hub/Editor/2020.2.7f1/Editor/Data/PlaybackEngines/WindowsStandaloneSupport/UnityEditor.WindowsStandalone.Extensions.dll
Registered in 0.006843 seconds.
Native extension for WindowsStandalone target not found
Refreshing native plugins compatible for Editor in 58.08 ms, found 0 plugins.
Preloading 0 native plugins for Editor in 0.00 ms.
Invoked RoslynAnalysisRunner static constructor.
RoslynAnalysisRunner will not be running.
RoslynAnalysisRunner has terminated.
Mono: successfully reloaded assembly
- Completed reload, in  9.387 seconds
Platform modules already initialized, skipping
Registering precompiled user dll's ...
Registered in 0.042959 seconds.
Begin MonoManager ReloadAssembly
Native extension for WindowsStandalone target not found
Refreshing native plugins compatible for Editor in 0.49 ms, found 0 plugins.
Preloading 0 native plugins for Editor in 0.00 ms.
Invoked RoslynAnalysisRunner static constructor.
RoslynAnalysisRunner will not be running.
RoslynAnalysisRunner has terminated.
Mono: successfully reloaded assembly
- Completed reload, in  2.789 seconds
Platform modules already initialized, skipping
========================================================================
Worker process is ready to serve import requests
Launched and connected shader compiler UnityShaderCompiler.exe after 0.16 seconds
Refreshing native plugins compatible for Editor in 0.49 ms, found 0 plugins.
Preloading 0 native plugins for Editor in 0.00 ms.
Unloading 1129 Unused Serialized files (Serialized files now loaded: 0)
System memory in use before: 57.3 MB.
System memory in use after: 57.4 MB.

Unloading 10 unused Assets to reduce memory usage. Loaded Objects now: 1571.
Total: 4.518200 ms (FindLiveObjects: 0.327200 ms CreateObjectMapping: 0.072400 ms MarkObjects: 3.899100 ms  DeleteObjects: 0.215400 ms)

========================================================================
Received Import Request.
  path: Assets/Codes/GameController.cs
  artifactKey: Guid(38fe8f5dfac83b749ae20359549534e2) Importer(815301076,1909f56bfc062723c751e8b465ee728b)
Start importing Assets/Codes/GameController.cs using Guid(38fe8f5dfac83b749ae20359549534e2) Importer(815301076,1909f56bfc062723c751e8b465ee728b)  -> (artifact id: '3fb27f154e24569c7d433b92ee11cfc7') in 0.091160 seconds
  Import took 0.135988 seconds .

========================================================================
Received Import Request.
  Time since last request: 576.924029 seconds.
  path: Assets/Model
  artifactKey: Guid(4b21f6effccba194a9a8af4788486f51) Importer(815301076,1909f56bfc062723c751e8b465ee728b)
Start importing Assets/Model using Guid(4b21f6effccba194a9a8af4788486f51) Importer(815301076,1909f56bfc062723c751e8b465ee728b)  -> (artifact id: '33f7a1d7e8af07c65be54d0ad9451e79') in 0.019044 seconds
  Import took 0.024336 seconds .

========================================================================
Received Import Request.
  Time since last request: 16.542901 seconds.
  path: Assets/Codes/PlayerBall.cs
  artifactKey: Guid(de9ba86c69a3edf419b73354545b29c9) Importer(815301076,1909f56bfc062723c751e8b465ee728b)
Start importing Assets/Codes/PlayerBall.cs using Guid(de9ba86c69a3edf419b73354545b29c9) Importer(815301076,1909f56bfc062723c751e8b465ee728b)  -> (artifact id: 'bd14ad3e4df319f8529241367e060465') in 0.021971 seconds
  Import took 0.026664 seconds .

========================================================================
Received Import Request.
  Time since last request: 1.837129 seconds.
  path: Assets/Codes/PlayerController.cs
  artifactKey: Guid(d1641272eb52fc647808adb1d199a85b) Importer(815301076,1909f56bfc062723c751e8b465ee728b)
Start importing Assets/Codes/PlayerController.cs using Guid(d1641272eb52fc647808adb1d199a85b) Importer(815301076,1909f56bfc062723c751e8b465ee728b)  -> (artifact id: '6a26f055c6dcf6c25229bac4c0c40ea6') in 0.016972 seconds
  Import took 0.021107 seconds .

========================================================================
Received Prepare
Registering precompiled user dll's ...
Registered in 0.001334 seconds.
Begin MonoManager ReloadAssembly
Native extension for WindowsStandalone target not found
Refreshing native plugins compatible for Editor in 0.49 ms, found 0 plugins.
Preloading 0 native plugins for Editor in 0.00 ms.
Invoked RoslynAnalysisRunner static constructor.
RoslynAnalysisRunner will not be running.
RoslynAnalysisRunner has terminated.
Mono: successfully reloaded assembly
- Completed reload, in  1.889 seconds
Platform modules already initialized, skipping
Refreshing native plugins compatible for Editor in 0.49 ms, found 0 plugins.
Preloading 0 native plugins for Editor in 0.00 ms.
Unloading 1124 Unused Serialized files (Serialized files now loaded: 0)
System memory in use before: 57.3 MB.
System memory in use after: 57.3 MB.

Unloading 5 unused Assets to reduce memory usage. Loaded Objects now: 1574.
Total: 5.335000 ms (FindLiveObjects: 0.554700 ms CreateObjectMapping: 0.082400 ms MarkObjects: 4.514200 ms  DeleteObjects: 0.180600 ms)

========================================================================
Received Prepare
Registering precompiled user dll's ...
Registered in 0.001526 seconds.
Begin MonoManager ReloadAssembly
Native extension for WindowsStandalone target not found
Refreshing native plugins compatible for Editor in 0.58 ms, found 0 plugins.
Preloading 0 native plugins for Editor in 0.00 ms.
Invoked RoslynAnalysisRunner static constructor.
RoslynAnalysisRunner will not be running.
RoslynAnalysisRunner has terminated.
Mono: successfully reloaded assembly
- Completed reload, in  1.974 seconds
Platform modules already initialized, skipping
Refreshing native plugins compatible for Editor in 0.48 ms, found 0 plugins.
Preloading 0 native plugins for Editor in 0.00 ms.
Unloading 1124 Unused Serialized files (Serialized files now loaded: 0)
System memory in use before: 57.3 MB.
System memory in use after: 57.4 MB.

Unloading 5 unused Assets to reduce memory usage. Loaded Objects now: 1577.
Total: 5.635300 ms (FindLiveObjects: 0.409100 ms CreateObjectMapping: 0.194100 ms MarkObjects: 4.882500 ms  DeleteObjects: 0.144100 ms)

========================================================================
Received Import Request.
  Time since last request: 79.069108 seconds.
  path: Assets/Codes/Model/PlayerBase.cs
  artifactKey: Guid(d1641272eb52fc647808adb1d199a85b) Importer(815301076,1909f56bfc062723c751e8b465ee728b)
Start importing Assets/Codes/Model/PlayerBase.cs using Guid(d1641272eb52fc647808adb1d199a85b) Importer(815301076,1909f56bfc062723c751e8b465ee728b)  -> (artifact id: 'd97abce541b392e85d8a377a1ad605bf') in 0.027027 seconds
  Import took 0.032356 seconds .

========================================================================
Received Prepare
Registering precompiled user dll's ...
Registered in 0.001911 seconds.
Begin MonoManager ReloadAssembly
Native extension for WindowsStandalone target not found
Refreshing native plugins compatible for Editor in 0.52 ms, found 0 plugins.
Preloading 0 native plugins for Editor in 0.00 ms.
Invoked RoslynAnalysisRunner static constructor.
RoslynAnalysisRunner will not be running.
RoslynAnalysisRunner has terminated.
Mono: successfully reloaded assembly
- Completed reload, in  1.975 seconds
Platform modules already initialized, skipping
Refreshing native plugins compatible for Editor in 0.49 ms, found 0 plugins.
Preloading 0 native plugins for Editor in 0.00 ms.
Unloading 1124 Unused Serialized files (Serialized files now loaded: 0)
System memory in use before: 57.3 MB.
System memory in use after: 57.4 MB.

Unloading 5 unused Assets to reduce memory usage. Loaded Objects now: 1580.
Total: 4.259200 ms (FindLiveObjects: 0.331900 ms CreateObjectMapping: 0.076400 ms MarkObjects: 3.707200 ms  DeleteObjects: 0.141000 ms)

========================================================================
Received Import Request.
  Time since last request: 1058.741247 seconds.
  path: Assets/Codes/Model/PlayerBall.cs
  artifactKey: Guid(de9ba86c69a3edf419b73354545b29c9) Importer(815301076,1909f56bfc062723c751e8b465ee728b)
Start importing Assets/Codes/Model/PlayerBall.cs using Guid(de9ba86c69a3edf419b73354545b29c9) Importer(815301076,1909f56bfc062723c751e8b465ee728b)  -> (artifact id: '18d5c3adf79973c071d7ea2e8ecf3849') in 0.007563 seconds
  Import took 0.011082 seconds .

AssetImportWorkerClient::OnTransportError - code=2 error=End of file
