Using pre-set license
Built from '2020.2/staging' branch; Version is '2020.2.7f1 (c53830e277f1) revision 12924976'; Using compiler version '192528614'; Build Type 'Release'
OS: 'Windows 10 Pro; OS build 19041.1110; Version 2004; 64bit' Language: 'ru' Physical Memory: 6091 MB
BatchMode: 1, IsHumanControllingUs: 0, StartBugReporterOnCrash: 0, Is64bit: 1, IsPro: 0

 COMMAND LINE ARGUMENTS:
C:\Program Files\Unity\Hub\Editor\2020.2.7f1\Editor\Unity.exe
-adb2
-batchMode
-noUpm
-name
AssetImportWorker0
-projectPath
D:/UnityProjects/Lesson1.OOP/RollaBall
-logFile
Logs/AssetImportWorker0.log
-srvPort
61311
Successfully changed project path to: D:/UnityProjects/Lesson1.OOP/RollaBall
D:/UnityProjects/Lesson1.OOP/RollaBall
Using Asset Import Pipeline V2.
Refreshing native plugins compatible for Editor in 40.51 ms, found 0 plugins.
Preloading 0 native plugins for Editor in 0.00 ms.
Initialize engine version: 2020.2.7f1 (c53830e277f1)
[Subsystems] Discovering subsystems at path C:/Program Files/Unity/Hub/Editor/2020.2.7f1/Editor/Data/Resources/UnitySubsystems
[Subsystems] Discovering subsystems at path D:/UnityProjects/Lesson1.OOP/RollaBall/Assets
GfxDevice: creating device client; threaded=0
Direct3D:
    Version:  Direct3D 11.0 [level 11.1]
    Renderer: AMD Radeon(TM) Vega 8 Graphics (ID=0x15d8)
    Vendor:   
    VRAM:     3045 MB
    Driver:   27.20.22001.14011
Initialize mono
Mono path[0] = 'C:/Program Files/Unity/Hub/Editor/2020.2.7f1/Editor/Data/Managed'
Mono path[1] = 'C:/Program Files/Unity/Hub/Editor/2020.2.7f1/Editor/Data/MonoBleedingEdge/lib/mono/unityjit'
Mono config path = 'C:/Program Files/Unity/Hub/Editor/2020.2.7f1/Editor/Data/MonoBleedingEdge/etc'
Using monoOptions --debugger-agent=transport=dt_socket,embedding=1,server=y,suspend=n,address=127.0.0.1:56720
Begin MonoManager ReloadAssembly
Registering precompiled unity dll's ...
Register platform support module: C:/Program Files/Unity/Hub/Editor/2020.2.7f1/Editor/Data/PlaybackEngines/WindowsStandaloneSupport/UnityEditor.WindowsStandalone.Extensions.dll
Registered in 0.016635 seconds.
Native extension for WindowsStandalone target not found
Refreshing native plugins compatible for Editor in 50.33 ms, found 0 plugins.
Preloading 0 native plugins for Editor in 0.00 ms.
Invoked RoslynAnalysisRunner static constructor.
RoslynAnalysisRunner will not be running.
RoslynAnalysisRunner has terminated.
Mono: successfully reloaded assembly
- Completed reload, in  4.660 seconds
Platform modules already initialized, skipping
Registering precompiled user dll's ...
Registered in 0.001705 seconds.
Begin MonoManager ReloadAssembly
Native extension for WindowsStandalone target not found
Refreshing native plugins compatible for Editor in 0.43 ms, found 0 plugins.
Preloading 0 native plugins for Editor in 0.00 ms.
Invoked RoslynAnalysisRunner static constructor.
RoslynAnalysisRunner will not be running.
RoslynAnalysisRunner has terminated.
Mono: successfully reloaded assembly
- Completed reload, in  2.321 seconds
Platform modules already initialized, skipping
========================================================================
Worker process is ready to serve import requests
Launched and connected shader compiler UnityShaderCompiler.exe after 0.12 seconds
Refreshing native plugins compatible for Editor in 0.40 ms, found 0 plugins.
Preloading 0 native plugins for Editor in 0.00 ms.
Unloading 1129 Unused Serialized files (Serialized files now loaded: 0)
System memory in use before: 57.3 MB.
System memory in use after: 57.4 MB.

Unloading 10 unused Assets to reduce memory usage. Loaded Objects now: 1571.
Total: 6.005300 ms (FindLiveObjects: 1.495700 ms CreateObjectMapping: 0.196300 ms MarkObjects: 4.124100 ms  DeleteObjects: 0.185700 ms)

========================================================================
Received Import Request.
  path: Assets/Codes/Model/PlayerBase.cs
  artifactKey: Guid(d1641272eb52fc647808adb1d199a85b) Importer(815301076,1909f56bfc062723c751e8b465ee728b)
Start importing Assets/Codes/Model/PlayerBase.cs using Guid(d1641272eb52fc647808adb1d199a85b) Importer(815301076,1909f56bfc062723c751e8b465ee728b)  -> (artifact id: '4979eb16e58b725f42f08c592b31d9f9') in 0.053941 seconds
  Import took 0.090419 seconds .

========================================================================
Received Import Request.
  Time since last request: 26.227124 seconds.
  path: Assets/Codes/Model/PlayerBase.cs
  artifactKey: Guid(d1641272eb52fc647808adb1d199a85b) Importer(815301076,1909f56bfc062723c751e8b465ee728b)
Start importing Assets/Codes/Model/PlayerBase.cs using Guid(d1641272eb52fc647808adb1d199a85b) Importer(815301076,1909f56bfc062723c751e8b465ee728b)  -> (artifact id: '783b20edb32493877a39878230e70eb1') in 0.010808 seconds
  Import took 0.032867 seconds .

========================================================================
Received Prepare
Registering precompiled user dll's ...
Registered in 0.033074 seconds.
Begin MonoManager ReloadAssembly
Native extension for WindowsStandalone target not found
Refreshing native plugins compatible for Editor in 0.46 ms, found 0 plugins.
Preloading 0 native plugins for Editor in 0.00 ms.
Invoked RoslynAnalysisRunner static constructor.
RoslynAnalysisRunner will not be running.
RoslynAnalysisRunner has terminated.
Mono: successfully reloaded assembly
- Completed reload, in  2.202 seconds
Platform modules already initialized, skipping
Refreshing native plugins compatible for Editor in 0.27 ms, found 0 plugins.
Preloading 0 native plugins for Editor in 0.00 ms.
Unloading 1124 Unused Serialized files (Serialized files now loaded: 0)
System memory in use before: 57.3 MB.
System memory in use after: 57.3 MB.

Unloading 5 unused Assets to reduce memory usage. Loaded Objects now: 1574.
Total: 2.946000 ms (FindLiveObjects: 0.336800 ms CreateObjectMapping: 0.081500 ms MarkObjects: 2.440700 ms  DeleteObjects: 0.084800 ms)

AssetImportWorkerClient::OnTransportError - code=2 error=End of file
